SF:lib\data\datasource\sqflite_datasource.dart
DA:9,1
DA:27,1
DA:29,3
DA:33,1
DA:35,3
DA:39,0
DA:41,0
DA:42,0
DA:43,0
DA:45,0
DA:46,0
DA:47,0
DA:48,0
DA:49,0
DA:50,0
DA:51,0
DA:52,0
DA:54,0
DA:58,0
DA:60,0
DA:62,0
DA:63,0
DA:64,0
DA:65,0
DA:66,0
DA:68,0
DA:71,0
DA:72,0
DA:73,0
DA:78,1
DA:81,3
DA:83,3
DA:84,1
DA:87,0
DA:89,0
DA:91,0
DA:95,0
DA:97,0
DA:98,0
DA:99,0
DA:100,0
LF:41
LH:9
end_of_record
SF:lib\model\chat_model.dart
DA:9,1
DA:11,3
DA:13,0
LF:3
LH:2
end_of_record
SF:lib\model\local_message_model.dart
DA:6,0
DA:11,1
DA:13,2
DA:14,2
DA:15,3
DA:16,3
DA:17,2
DA:20,1
DA:21,1
DA:22,1
DA:23,1
DA:24,1
DA:25,1
DA:27,3
DA:28,0
LF:15
LH:13
end_of_record
